1532329887903	geckodriver	INFO	geckodriver 0.21.0
1532329888032	geckodriver	INFO	Listening on 127.0.0.1:59533
1532329888841	mozrunner::runner	INFO	Running command: "/usr/bin/firefox" "-marionette" "-headless" "-foreground" "-no-remote" "-profile" "/tmp/rust_mozprofile.a01IrGt3nuJc"
*** You are running in headless mode.
1532329899629	Marionette	INFO	Listening on port 36569
1532329899678	Marionette	WARN	TLS certificate errors will be ignored for this session
*** UTM:SVC TimerManager:registerTimer called after profile-before-change notification. Ignoring timer registration for id: telemetry_modules_ping
1532330724192	geckodriver	INFO	geckodriver 0.21.0
1532330724219	geckodriver	INFO	Listening on 127.0.0.1:38243
1532330725221	mozrunner::runner	INFO	Running command: "/usr/bin/firefox" "-marionette" "-headless" "-foreground" "-no-remote" "-profile" "/tmp/rust_mozprofile.bOyugFSL0kVC"
*** You are running in headless mode.
1532330732167	Marionette	INFO	Listening on port 34645
1532330732224	Marionette	WARN	TLS certificate errors will be ignored for this session
*** UTM:SVC TimerManager:registerTimer called after profile-before-change notification. Ignoring timer registration for id: telemetry_modules_ping
1532361176431	geckodriver	INFO	geckodriver 0.21.0
1532361176448	geckodriver	INFO	Listening on 127.0.0.1:37859
1532361177439	mozrunner::runner	INFO	Running command: "/usr/bin/firefox" "-marionette" "-headless" "-foreground" "-no-remote" "-profile" "/tmp/rust_mozprofile.jiV90WMTbqA0"
*** You are running in headless mode.
1532361180074	Marionette	INFO	Listening on port 44847
1532361180160	Marionette	WARN	TLS certificate errors will be ignored for this session
*** UTM:SVC TimerManager:registerTimer called after profile-before-change notification. Ignoring timer registration for id: telemetry_modules_ping
1533280248800	geckodriver	INFO	geckodriver 0.21.0
1533280248811	geckodriver	INFO	Listening on 127.0.0.1:55197
1533280249809	mozrunner::runner	INFO	Running command: "/usr/bin/firefox" "-marionette" "-headless" "-foreground" "-no-remote" "-profile" "/tmp/rust_mozprofile.FEfGeGfLAEI8"
*** You are running in headless mode.
1533280252358	Marionette	INFO	Listening on port 33797
1533280252434	Marionette	WARN	TLS certificate errors will be ignored for this session
*** UTM:SVC TimerManager:registerTimer called after profile-before-change notification. Ignoring timer registration for id: telemetry_modules_ping
